<?xml version="1.0" encoding="UTF-8"?>
<!-- Generated by org.testng.reporters.JUnitReportReporter -->
<testsuite hostname="DESKTOP-CMMN98B" failures="0" tests="2" name="DataProvider.A3" time="25.574" errors="0" timestamp="2023-12-22T15:59:31 IST" skipped="0">
  <testcase classname="DataProvider.A3" name="test01" time="18.814"/>
  <testcase classname="DataProvider.A3" name="test01" time="6.760"/>
</testsuite> <!-- DataProvider.A3 -->
