<?xml version="1.0" encoding="UTF-8"?>
<!-- Generated by org.testng.reporters.JUnitReportReporter -->
<testsuite hostname="DESKTOP-CMMN98B" failures="0" tests="2" name="DataProvider.A3" time="26.077" errors="0" timestamp="2023-12-25T13:18:15 IST" skipped="0">
  <testcase classname="DataProvider.A3" name="test01" time="16.690"/>
  <testcase classname="DataProvider.A3" name="test01" time="9.387"/>
</testsuite> <!-- DataProvider.A3 -->
