<?xml version="1.0" encoding="UTF-8"?>
<!-- Generated by org.testng.reporters.JUnitReportReporter -->
<testsuite hostname="DESKTOP-CMMN98B" failures="0" tests="2" name="DataProvider.check4" time="19.109" errors="0" timestamp="2024-01-06T09:51:46 IST" skipped="0">
  <testcase classname="DataProvider.check4" name="test" time="12.260"/>
  <testcase classname="DataProvider.check4" name="test" time="6.849"/>
</testsuite> <!-- DataProvider.check4 -->
