<?xml version="1.0" encoding="UTF-8"?>
<!-- Generated by org.testng.reporters.JUnitReportReporter -->
<testsuite hostname="DESKTOP-CMMN98B" failures="0" tests="1" name="TestNG.A1" time="19.057" errors="0" timestamp="2024-01-12T18:53:43 IST" skipped="0">
  <testcase classname="TestNG.A1" name="test1" time="19.057"/>
</testsuite> <!-- TestNG.A1 -->
