<?xml version="1.0" encoding="UTF-8"?>
<!-- Generated by org.testng.reporters.JUnitReportReporter -->
<testsuite hostname="DESKTOP-CMMN98B" failures="0" tests="2" name="DataProvider.A2" time="27.859" errors="0" timestamp="2023-12-24T11:26:51 IST" skipped="0">
  <testcase classname="DataProvider.A2" name="reciever" time="17.839"/>
  <testcase classname="DataProvider.A2" name="reciever" time="10.020"/>
</testsuite> <!-- DataProvider.A2 -->
