<?xml version="1.0" encoding="UTF-8"?>
<!-- Generated by org.testng.reporters.JUnitReportReporter -->
<testsuite hostname="DESKTOP-CMMN98B" failures="0" tests="3" name="TestNG.DataProvider_" time="61.058" errors="0" timestamp="2023-12-16T22:35:54 EST" skipped="0">
  <testcase classname="TestNG.DataProvider_" name="test" time="26.342"/>
  <testcase classname="TestNG.DataProvider_" name="test" time="23.777"/>
  <testcase classname="TestNG.DataProvider_" name="test" time="10.939"/>
</testsuite> <!-- TestNG.DataProvider_ -->
