<?xml version="1.0" encoding="UTF-8"?>
<!-- Generated by org.testng.reporters.JUnitReportReporter -->
<testsuite hostname="DESKTOP-CMMN98B" failures="0" tests="2" name="DataProvider.A2" time="23.386" errors="0" timestamp="2023-12-25T13:15:14 IST" skipped="0">
  <testcase classname="DataProvider.A2" name="reciever" time="9.048"/>
  <testcase classname="DataProvider.A2" name="reciever" time="14.338"/>
</testsuite> <!-- DataProvider.A2 -->
