<?xml version="1.0" encoding="UTF-8"?>
<!-- Generated by org.testng.reporters.JUnitReportReporter -->
<testsuite hostname="DESKTOP-CMMN98B" failures="0" tests="1" name="TestNG.A3" time="25.072" errors="0" timestamp="2023-11-19T05:12:25 IST" skipped="0">
  <testcase classname="TestNG.A3" name="test3" time="25.072"/>
</testsuite> <!-- TestNG.A3 -->
