<?xml version="1.0" encoding="UTF-8"?>
<!-- Generated by org.testng.reporters.JUnitReportReporter -->
<testsuite hostname="DESKTOP-CMMN98B" failures="0" tests="1" name="ItestListener.Script" time="4.288" errors="0" timestamp="2023-12-18T10:15:30 IST" skipped="0">
  <testcase classname="ItestListener.Script" name="test" time="4.288"/>
</testsuite> <!-- ItestListener.Script -->
