<?xml version="1.0" encoding="UTF-8"?>
<!-- Generated by org.testng.reporters.JUnitReportReporter -->
<testsuite hostname="DESKTOP-CMMN98B" failures="0" tests="2" name="DataProvider.A2" time="82.042" errors="0" timestamp="2023-12-22T11:38:44 IST" skipped="0">
  <testcase classname="DataProvider.A2" name="datareciever" time="34.328"/>
  <testcase classname="DataProvider.A2" name="datareciever" time="47.714"/>
</testsuite> <!-- DataProvider.A2 -->
