<?xml version="1.0" encoding="UTF-8"?>
<!-- Generated by org.testng.reporters.JUnitReportReporter -->
<testsuite hostname="DESKTOP-CMMN98B" failures="0" tests="3" name="TestNG.A1" time="98.426" errors="0" timestamp="2023-11-19T06:57:21 IST" skipped="0">
  <testcase classname="TestNG.A1" name="test3" time="35.485"/>
  <testcase classname="TestNG.A1" name="test1" time="28.695"/>
  <testcase classname="TestNG.A1" name="test2" time="34.246"/>
</testsuite> <!-- TestNG.A1 -->
