<?xml version="1.0" encoding="UTF-8"?>
<!-- Generated by org.testng.reporters.JUnitReportReporter -->
<testsuite hostname="DESKTOP-CMMN98B" failures="0" tests="2" name="DataProvider.A" time="32.156" errors="0" timestamp="2023-12-24T10:41:26 IST" skipped="0">
  <testcase classname="DataProvider.A" name="test01" time="21.674"/>
  <testcase classname="DataProvider.A" name="test01" time="10.482"/>
</testsuite> <!-- DataProvider.A -->
